Command: vcs -file /home/bharath/Projects/riscv-dv-master/vcs.compile.option.f +incdir+/home/bharath/Projects/riscv-dv-master/target/rv32imc \
+incdir+/home/bharath/Projects/riscv-dv-master/user_extension -f /home/bharath/Projects/riscv-dv-master/files.f \
-full64 -l /home/bharath/Projects/riscv-dv-master/out_2020-05-13/compile.log -LDFLAGS \
-Wl,--no-as-needed -Mdir=/home/bharath/Projects/riscv-dv-master/out_2020-05-13/vcs_simv.csrc \
-o /home/bharath/Projects/riscv-dv-master/out_2020-05-13/vcs_simv -cm line+cond+fsm+branch+tgl+assert \
-cm_dir /home/bharath/Projects/riscv-dv-master/out_2020-05-13/test.vdb
                         Chronologic VCS (TM)
      Version P-2019.06-SP2-3_Full64 -- Wed May 13 14:19:11 2020
               Copyright (c) 1991-2019 by Synopsys Inc.
                         ALL RIGHTS RESERVED

This program is proprietary and confidential information of Synopsys Inc.
and may be used and disclosed only as authorized in a license agreement
controlling such use and disclosure.


Warning-[LCA_FEATURES_ENABLED] Usage warning
  LCA features enabled by '-lca' argument on the command line.  For more 
  information regarding list of LCA features please refer to Chapter "LCA 
  features" in the VCS Release Notes

The design hasn't changed and need not be recompiled. 
If you really want to, delete file /home/bharath/Projects/riscv-dv-master/out_2020-05-13/vcs_simv.daidir/.vcs.timestamp and
run VCS again.

